app/build/intermediates/manifest_merge_blame_file/debug/manifest-merger-blame-debug-report.txt
1<?xml version="1.0" encoding="utf-8"?>
2<manifest xmlns:android="http://schemas.android.com/apk/res/android"
3    package="com.katouji.project_dummy"
4    android:versionCode="1"
5    android:versionName="1.0" >
6
7    <uses-sdk
8        android:minSdkVersion="19"
8-->src/main/AndroidManifest.xml
9        android:targetSdkVersion="28" />
9-->src/main/AndroidManifest.xml
10
11    <uses-permission android:name="android.permission.RECEIVE_BOOT_COMPLETED" />
11-->src/main/AndroidManifest.xml:33:5-81
11-->src/main/AndroidManifest.xml:33:22-78
12    <uses-permission android:name="android.permission.ACCESS_NETWORK_STATE" />
12-->[com.google.firebase:firebase-database:16.0.4] AndroidManifest.xml:22:5-79
12-->[com.google.firebase:firebase-database:16.0.4] AndroidManifest.xml:22:22-76
13    <uses-permission android:name="android.permission.INTERNET" />
13-->[com.google.firebase:firebase-database:16.0.4] AndroidManifest.xml:23:5-67
13-->[com.google.firebase:firebase-database:16.0.4] AndroidManifest.xml:23:22-64
14
15    <application
15-->src/main/AndroidManifest.xml:5:5-31:19
16        android:allowBackup="true"
16-->src/main/AndroidManifest.xml:6:9-35
17        android:appComponentFactory="androidx.core.app.CoreComponentFactory"
17-->[androidx.core:core:1.0.1] AndroidManifest.xml:22:18-86
18        android:debuggable="true"
19        android:icon="@mipmap/ic_launcher"
19-->src/main/AndroidManifest.xml:7:9-43
20        android:label="@string/app_name"
20-->src/main/AndroidManifest.xml:8:9-41
21        android:roundIcon="@mipmap/ic_launcher_round"
21-->src/main/AndroidManifest.xml:9:9-54
22        android:supportsRtl="true"
22-->src/main/AndroidManifest.xml:10:9-35
23        android:testOnly="true"
24        android:theme="@style/AppTheme" >
24-->src/main/AndroidManifest.xml:11:9-40
25        <activity android:name="com.katouji.project_dummy.Main2Activity" />
25-->src/main/AndroidManifest.xml:12:9-60
25-->src/main/AndroidManifest.xml:12:19-48
26        <activity android:name="com.katouji.project_dummy.Request" />
26-->src/main/AndroidManifest.xml:13:9-45
26-->src/main/AndroidManifest.xml:13:19-42
27        <activity android:name="com.katouji.project_dummy.firebase" />
27-->src/main/AndroidManifest.xml:14:9-46
27-->src/main/AndroidManifest.xml:14:19-43
28        <activity android:name="com.katouji.project_dummy.CRUDFirebase" />
28-->src/main/AndroidManifest.xml:15:9-50
28-->src/main/AndroidManifest.xml:15:19-47
29        <activity android:name="com.katouji.project_dummy.add" />
29-->src/main/AndroidManifest.xml:16:9-41
29-->src/main/AndroidManifest.xml:16:19-38
30        <activity android:name="com.katouji.project_dummy.AboutActivity" />
30-->src/main/AndroidManifest.xml:17:9-51
30-->src/main/AndroidManifest.xml:17:19-48
31        <activity android:name="com.katouji.project_dummy.HomeActivity" />
31-->src/main/AndroidManifest.xml:18:9-50
31-->src/main/AndroidManifest.xml:18:19-47
32        <activity android:name="com.katouji.project_dummy.row" />
32-->src/main/AndroidManifest.xml:19:9-41
32-->src/main/AndroidManifest.xml:19:19-38
33        <activity android:name="com.katouji.project_dummy.MainActivity" >
33-->src/main/AndroidManifest.xml:20:9-26:20
33-->src/main/AndroidManifest.xml:20:19-47
34            <intent-filter>
34-->src/main/AndroidManifest.xml:21:13-25:29
35                <action android:name="android.intent.action.MAIN" />
35-->src/main/AndroidManifest.xml:22:17-69
35-->src/main/AndroidManifest.xml:22:25-66
36
37                <category android:name="android.intent.category.LAUNCHER" />
37-->src/main/AndroidManifest.xml:24:17-77
37-->src/main/AndroidManifest.xml:24:27-74
38            </intent-filter>
39        </activity>
40
41        <service
41-->src/main/AndroidManifest.xml:28:9-30:72
42            android:name="com.katouji.project_dummy.HomeActivity"
42-->src/main/AndroidManifest.xml:29:13-41
43            android:permission="android.permission.BIND_JOB_SERVICE" />
43-->src/main/AndroidManifest.xml:30:13-69
44
45        <activity
45-->[com.google.android.gms:play-services-base:16.0.1] AndroidManifest.xml:23:9-26:75
46            android:name="com.google.android.gms.common.api.GoogleApiActivity"
46-->[com.google.android.gms:play-services-base:16.0.1] AndroidManifest.xml:24:13-79
47            android:exported="false"
47-->[com.google.android.gms:play-services-base:16.0.1] AndroidManifest.xml:25:13-37
48            android:theme="@android:style/Theme.Translucent.NoTitleBar" />
48-->[com.google.android.gms:play-services-base:16.0.1] AndroidManifest.xml:26:13-72
49
50        <provider
50-->[com.google.firebase:firebase-common:16.0.3] AndroidManifest.xml:10:9-14:39
51            android:name="com.google.firebase.provider.FirebaseInitProvider"
51-->[com.google.firebase:firebase-common:16.0.3] AndroidManifest.xml:11:13-77
52            android:authorities="com.katouji.project_dummy.firebaseinitprovider"
52-->[com.google.firebase:firebase-common:16.0.3] AndroidManifest.xml:12:13-72
53            android:exported="false"
53-->[com.google.firebase:firebase-common:16.0.3] AndroidManifest.xml:13:13-37
54            android:initOrder="100" />
54-->[com.google.firebase:firebase-common:16.0.3] AndroidManifest.xml:14:13-36
55
56        <meta-data
56-->[com.google.android.gms:play-services-basement:16.0.1] AndroidManifest.xml:23:9-25:69
57            android:name="com.google.android.gms.version"
57-->[com.google.android.gms:play-services-basement:16.0.1] AndroidManifest.xml:24:13-58
58            android:value="@integer/google_play_services_version" />
58-->[com.google.android.gms:play-services-basement:16.0.1] AndroidManifest.xml:25:13-66
59    </application>
60
61</manifest>